AndroidPluginSrc/app/build/outputs/logs/manifest-merger-release-report.txt
-- Merging decision tree log ---
manifest
ADDED from src\main\AndroidManifest.xml:1:1-28:12
INJECTED from src\main\AndroidManifest.xml:1:1-28:12
INJECTED from src\main\AndroidManifest.xml:1:1-28:12
INJECTED from src\main\AndroidManifest.xml:1:1-28:12
INJECTED from src\main\AndroidManifest.xml:1:1-28:12
	package
		ADDED from src\main\AndroidManifest.xml:2:11-52
		INJECTED from src\main\AndroidManifest.xml
		INJECTED from src\main\AndroidManifest.xml
	android:versionName
		INJECTED from src\main\AndroidManifest.xml
		ADDED from src\main\AndroidManifest.xml:1:1-28:12
		INJECTED from src\main\AndroidManifest.xml
	xmlns:android
		ADDED from src\main\AndroidManifest.xml:1:11-69
uses-permission#android.permission.BLUETOOTH_CONNECT
ADDED from src\main\AndroidManifest.xml:4:5-76
	android:name
		ADDED from src\main\AndroidManifest.xml:4:22-73
uses-permission#android.permission.BLUETOOTH_SCAN
ADDED from src\main\AndroidManifest.xml:5:2-70
	android:name
		ADDED from src\main\AndroidManifest.xml:5:19-67
application
ADDED from src\main\AndroidManifest.xml:7:2-14:16
	android:supportsRtl
		ADDED from src\main\AndroidManifest.xml:11:3-29
	android:label
		ADDED from src\main\AndroidManifest.xml:10:3-35
	android:icon
		ADDED from src\main\AndroidManifest.xml:9:3-37
	android:allowBackup
		ADDED from src\main\AndroidManifest.xml:8:3-29
	android:theme
		ADDED from src\main\AndroidManifest.xml:12:3-34
uses-feature#android.hardware.bluetooth_le
ADDED from src\main\AndroidManifest.xml:16:2-86
	android:required
		ADDED from src\main\AndroidManifest.xml:16:61-84
	android:name
		ADDED from src\main\AndroidManifest.xml:16:16-60
uses-permission#android.permission.BLUETOOTH
ADDED from src\main\AndroidManifest.xml:17:2-64
	android:name
		ADDED from src\main\AndroidManifest.xml:17:19-62
uses-permission#android.permission.BLUETOOTH_ADMIN
ADDED from src\main\AndroidManifest.xml:18:2-70
	android:name
		ADDED from src\main\AndroidManifest.xml:18:19-68
uses-permission#android.permission.ACCESS_COARSE_LOCATION
ADDED from src\main\AndroidManifest.xml:19:2-78
	android:name
		ADDED from src\main\AndroidManifest.xml:19:19-75
uses-permission#android.permission.ACCESS_FINE_LOCATION
ADDED from src\main\AndroidManifest.xml:20:2-76
	android:name
		ADDED from src\main\AndroidManifest.xml:20:19-73
uses-permission#android.permission.ACCESS_BACKGROUND_LOCATION
ADDED from src\main\AndroidManifest.xml:21:2-82
	android:name
		ADDED from src\main\AndroidManifest.xml:21:19-79
uses-permission#android.permission.ACCESS_NETWORK_STATE
ADDED from src\main\AndroidManifest.xml:22:2-75
	android:name
		ADDED from src\main\AndroidManifest.xml:22:19-73
uses-permission#android.permission.BATTERY_STATS
ADDED from src\main\AndroidManifest.xml:23:2-68
	android:name
		ADDED from src\main\AndroidManifest.xml:23:19-66
uses-permission#android.permission.ACCESS_WIFI_STATE
ADDED from src\main\AndroidManifest.xml:24:2-72
	android:name
		ADDED from src\main\AndroidManifest.xml:24:19-70
uses-permission#android.permission.CHANGE_WIFI_STATE
ADDED from src\main\AndroidManifest.xml:25:5-76
	android:name
		ADDED from src\main\AndroidManifest.xml:25:22-73
uses-permission#android.permission.WRITE_EXTERNAL_STORAGE
ADDED from src\main\AndroidManifest.xml:26:2-78
	android:name
		ADDED from src\main\AndroidManifest.xml:26:19-75
uses-sdk
INJECTED from src\main\AndroidManifest.xml reason: use-sdk injection requested
INJECTED from src\main\AndroidManifest.xml
INJECTED from src\main\AndroidManifest.xml
INJECTED from src\main\AndroidManifest.xml
INJECTED from src\main\AndroidManifest.xml
	android:targetSdkVersion
		INJECTED from src\main\AndroidManifest.xml
		ADDED from src\main\AndroidManifest.xml
		INJECTED from src\main\AndroidManifest.xml
	android:minSdkVersion
		INJECTED from src\main\AndroidManifest.xml
		ADDED from src\main\AndroidManifest.xml
		INJECTED from src\main\AndroidManifest.xml